<?xml version="1.0" encoding="utf-8"?><testsuites name="pytest tests"><testsuite name="pytest" errors="0" failures="0" skipped="0" tests="11" time="5.403" timestamp="2026-03-11T09:39:46.023103+00:00" hostname="agent-env-14442385-47e5-490a-a2f9-529905b1644b"><testcase classname="backend.tests.test_game_moves.TestGameMoves" name="test_move_api_endpoint_works" time="0.146" /><testcase classname="backend.tests.test_game_moves.TestGameMoves" name="test_game_creation_flow" time="0.459" /><testcase classname="backend.tests.test_game_moves.TestGameMoves" name="test_game_join_flow" time="0.928" /><testcase classname="backend.tests.test_game_moves.TestGameMoves" name="test_make_move_as_white" time="0.984" /><testcase classname="backend.tests.test_game_moves.TestGameMoves" name="test_make_move_as_black" time="1.091" /><testcase classname="backend.tests.test_game_moves.TestGameMoves" name="test_cannot_move_out_of_turn" time="0.984" /><testcase classname="backend.tests.test_game_moves.TestTimerLogic" name="test_game_initial_times" time="0.104" /><testcase classname="backend.tests.test_game_moves.TestGameEndpoints" name="test_list_games" time="0.097" /><testcase classname="backend.tests.test_game_moves.TestGameEndpoints" name="test_list_games_by_status" time="0.334" /><testcase classname="backend.tests.test_game_moves.TestGameEndpoints" name="test_get_specific_game" time="0.102" /><testcase classname="backend.tests.test_game_moves.TestGameEndpoints" name="test_get_nonexistent_game" time="0.109" /></testsuite></testsuites>