<?xml version="1.0" encoding="utf-8"?><testsuites name="pytest tests"><testsuite name="pytest" errors="0" failures="0" skipped="0" tests="11" time="5.773" timestamp="2026-03-13T03:46:11.058552+00:00" hostname="agent-env-14442385-47e5-490a-a2f9-529905b1644b"><testcase classname="tests.test_game_moves.TestGameMoves" name="test_move_api_endpoint_works" time="0.195" /><testcase classname="tests.test_game_moves.TestGameMoves" name="test_game_creation_flow" time="0.454" /><testcase classname="tests.test_game_moves.TestGameMoves" name="test_game_join_flow" time="0.963" /><testcase classname="tests.test_game_moves.TestGameMoves" name="test_make_move_as_white" time="1.058" /><testcase classname="tests.test_game_moves.TestGameMoves" name="test_make_move_as_black" time="1.170" /><testcase classname="tests.test_game_moves.TestGameMoves" name="test_cannot_move_out_of_turn" time="1.023" /><testcase classname="tests.test_game_moves.TestTimerLogic" name="test_game_initial_times" time="0.148" /><testcase classname="tests.test_game_moves.TestGameEndpoints" name="test_list_games" time="0.143" /><testcase classname="tests.test_game_moves.TestGameEndpoints" name="test_list_games_by_status" time="0.336" /><testcase classname="tests.test_game_moves.TestGameEndpoints" name="test_get_specific_game" time="0.114" /><testcase classname="tests.test_game_moves.TestGameEndpoints" name="test_get_nonexistent_game" time="0.118" /></testsuite></testsuites>